[2025-06-07 15:52:15] [INFO] Aplicación PowerGym iniciada.
[2025-06-07 15:52:15] [DEBUG] Modo de depuración de logs activado.
[2025-06-07 15:55:01] [INFO] Aplicación PowerGym iniciada.
[2025-06-07 15:55:01] [DEBUG] Modo de depuración de logs activado.
[2025-06-07 16:08:29] [INFO] Aplicación PowerGym iniciada.
[2025-06-07 16:08:29] [DEBUG] Modo de depuración de logs activado.
[2025-06-07 16:09:24] [INFO] Aplicación PowerGym iniciada.
[2025-06-07 16:09:24] [DEBUG] Modo de depuración de logs activado.
[2025-06-07 16:09:30] [INFO] Aplicación PowerGym iniciada.
[2025-06-07 16:09:30] [DEBUG] Modo de depuración de logs activado.
[2025-06-07 16:09:34] [INFO] Vista Login cargada.
[2025-06-07 16:10:11] [INFO] Aplicación PowerGym iniciada.
[2025-06-07 16:10:11] [DEBUG] Modo de depuración de logs activado.
[2025-06-07 16:10:15] [INFO] Aplicación PowerGym iniciada.
[2025-06-07 16:10:15] [DEBUG] Modo de depuración de logs activado.
[2025-06-07 16:10:18] [INFO] Vista Login cargada.
[2025-06-07 16:10:28] [INFO] Usuario fp@gmail.com ha iniciado sesión exitosamente.
[2025-06-07 16:19:27] [INFO] Aplicación PowerGym iniciada.
[2025-06-07 16:19:27] [DEBUG] Modo de depuración de logs activado.
[2025-06-07 16:21:50] [INFO] Aplicación PowerGym iniciada.
[2025-06-07 16:21:50] [DEBUG] Modo de depuración de logs activado.
[2025-06-07 16:21:52] [INFO] Vista Login cargada.
[2025-06-07 20:48:41] [INFO] Aplicación PowerGym iniciada.
[2025-06-07 20:48:41] [DEBUG] Modo de depuración de logs activado.
[2025-06-07 20:48:43] [INFO] Vista Login cargada.
[2025-06-07 20:54:31] [INFO] Aplicación PowerGym iniciada.
[2025-06-07 20:54:31] [DEBUG] Modo de depuración de logs activado.
[2025-06-07 20:57:09] [INFO] Aplicación PowerGym iniciada.
[2025-06-07 20:57:09] [DEBUG] Modo de depuración de logs activado.
[2025-06-07 20:57:32] [INFO] Aplicación PowerGym iniciada.
[2025-06-07 20:57:32] [DEBUG] Modo de depuración de logs activado.
[2025-06-07 21:01:03] [INFO] Aplicación PowerGym iniciada.
[2025-06-07 21:01:03] [DEBUG] Modo de depuración de logs activado.
[2025-06-07 21:01:30] [INFO] Aplicación PowerGym iniciada.
[2025-06-07 21:01:30] [DEBUG] Modo de depuración de logs activado.
[2025-06-07 21:39:41] [INFO] Aplicación PowerGym iniciada.
[2025-06-07 21:39:41] [DEBUG] Modo de depuración de logs activado.
[2025-06-07 21:45:46] [INFO] Aplicación PowerGym iniciada.
[2025-06-07 21:45:46] [DEBUG] Modo de depuración de logs activado.
[2025-06-07 21:46:56] [INFO] Aplicación PowerGym iniciada.
[2025-06-07 21:46:56] [DEBUG] Modo de depuración de logs activado.
[2025-06-07 21:49:17] [INFO] Aplicación PowerGym iniciada.
[2025-06-07 21:49:17] [DEBUG] Modo de depuración de logs activado.
[2025-06-07 21:51:31] [INFO] Aplicación PowerGym iniciada.
[2025-06-07 21:51:31] [DEBUG] Modo de depuración de logs activado.
[2025-06-07 21:53:13] [INFO] Aplicación PowerGym iniciada.
[2025-06-07 21:53:13] [DEBUG] Modo de depuración de logs activado.
[2025-06-07 21:54:53] [INFO] Aplicación PowerGym iniciada.
[2025-06-07 21:54:53] [DEBUG] Modo de depuración de logs activado.
[2025-06-07 21:54:53] [INFO] Vista Inicial cargada.
[2025-06-07 21:54:55] [INFO] Navegando de Vista Inicial a VistaLogin (botón 'Ya estoy registrado').
[2025-06-07 21:54:56] [INFO] Vista Login cargada.
[2025-06-07 21:55:06] [INFO] Usuario hola@gmail.com ha iniciado sesión exitosamente.
[2025-06-07 21:55:06] [INFO] Login exitoso para hola@gmail.com (Rol: Atleta). Navegando a VistaMenuAtleta.
[2025-06-07 21:59:18] [INFO] Aplicación PowerGym iniciada.
[2025-06-07 21:59:18] [INFO] Vista Inicial cargada.
[2025-06-07 21:59:19] [INFO] Navegando de Vista Inicial a VistaLogin (botón 'Ya estoy registrado').
[2025-06-07 21:59:20] [INFO] Vista Login cargada.
[2025-06-07 21:59:26] [INFO] Usuario hola@gmail.com ha iniciado sesión exitosamente.
[2025-06-07 21:59:26] [INFO] Login exitoso para hola@gmail.com (Rol: Atleta). Navegando a VistaMenuAtleta.
[2025-06-08 08:53:39] [INFO] Aplicación PowerGym iniciada.
[2025-06-08 08:53:39] [INFO] Vista Inicial cargada.
[2025-06-08 08:53:40] [INFO] Navegando de Vista Inicial a VistaRegistro (botón 'Registrarme').
[2025-06-08 08:53:40] [INFO] Vista Registro cargada.
[2025-06-08 08:57:05] [INFO] Aplicación PowerGym iniciada.
[2025-06-08 08:57:05] [INFO] Vista Inicial cargada.
[2025-06-08 08:57:06] [INFO] Navegando de Vista Inicial a VistaRegistro (botón 'Registrarme').
[2025-06-08 08:57:06] [INFO] Vista Registro cargada.
[2025-06-08 08:57:09] [INFO] Volviendo de VistaRegistro a VistaLogin (botón 'Volver').
[2025-06-08 08:57:11] [INFO] Vista Login cargada.
[2025-06-08 08:57:26] [INFO] Usuario hola@gmail.com ha iniciado sesión exitosamente.
[2025-06-08 08:57:26] [INFO] Login exitoso para hola@gmail.com (Rol: Atleta). Navegando a VistaMenuAtleta.
[2025-06-08 08:58:52] [INFO] Aplicación PowerGym iniciada.
[2025-06-08 08:58:52] [INFO] Vista Inicial cargada.
[2025-06-08 08:58:53] [INFO] Navegando de Vista Inicial a VistaLogin (botón 'Ya estoy registrado').
[2025-06-08 08:58:54] [INFO] Vista Login cargada.
[2025-06-08 08:58:59] [INFO] Usuario hola@gmail.com ha iniciado sesión exitosamente.
[2025-06-08 08:58:59] [INFO] Login exitoso para hola@gmail.com (Rol: Atleta). Navegando a VistaMenuAtleta.
[2025-06-08 09:03:13] [INFO] Aplicación PowerGym iniciada.
[2025-06-08 09:03:13] [INFO] Vista Inicial cargada.
[2025-06-08 09:03:14] [INFO] Navegando de Vista Inicial a VistaLogin (botón 'Ya estoy registrado').
[2025-06-08 09:03:16] [INFO] Vista Login cargada.
[2025-06-08 09:03:22] [INFO] Usuario hola@gmail.com ha iniciado sesión exitosamente.
[2025-06-08 09:03:22] [INFO] Login exitoso para hola@gmail.com (Rol: Atleta). Navegando a VistaMenuAtleta.
[2025-06-08 09:03:58] [INFO] Aplicación PowerGym iniciada.
[2025-06-08 09:03:58] [INFO] Vista Inicial cargada.
[2025-06-08 09:03:58] [INFO] Visa inicial cargada.
[2025-06-08 09:03:59] [INFO] Navegando de Vista Inicial a VistaLogin (botón 'Ya estoy registrado').
[2025-06-08 09:04:01] [INFO] Vista Login cargada.
[2025-06-08 09:04:08] [INFO] Usuario hola@gmail.com ha iniciado sesión exitosamente.
[2025-06-08 09:04:08] [INFO] Login exitoso para hola@gmail.com (Rol: Atleta). Navegando a VistaMenuAtleta.
[2025-06-08 09:04:08] [INFO] Vista Menu Atleta cargada para usuario: hola@gmail.com.
[2025-06-08 09:04:10] [INFO] Navegando de Vista Menu Atleta a VistaEntrenamiento para usuario: hola@gmail.com.
[2025-06-08 09:04:13] [INFO] Volviendo a Vista Menu Atleta para usuario: hola@gmail.com.
[2025-06-08 09:04:15] [INFO] Navegando de Vista Menu Atleta a VistaProgreso para usuario: hola@gmail.com.
[2025-06-08 09:10:51] [INFO] Aplicación PowerGym iniciada.
[2025-06-08 09:10:51] [INFO] Vista Inicial cargada.
[2025-06-08 09:10:51] [INFO] Visa inicial cargada.
[2025-06-08 09:10:52] [INFO] Navegando de Vista Inicial a VistaLogin (botón 'Ya estoy registrado').
[2025-06-08 09:10:54] [INFO] Vista Login cargada.
[2025-06-08 09:10:59] [INFO] Usuario hola@gmail.com ha iniciado sesión exitosamente.
[2025-06-08 09:10:59] [INFO] Login exitoso para hola@gmail.com (Rol: Atleta). Navegando a VistaMenuAtleta.
[2025-06-08 09:10:59] [INFO] Vista Menu Atleta cargada para usuario: hola@gmail.com.
[2025-06-08 09:11:00] [INFO] Navegando de Vista Menu Atleta a VistaProgreso para usuario: hola@gmail.com.
[2025-06-08 09:11:00] [INFO] Vista Progreso cargada para usuario: hola@gmail.com.
[2025-06-08 09:11:00] [INFO] Actualizando gráfica para usuario hola@gmail.com.
[2025-06-08 09:11:00] [INFO] No hay datos para Sentadilla para el usuario hola@gmail.com.
[2025-06-08 09:11:04] [INFO] Actualizando gráfica para usuario hola@gmail.com.
[2025-06-08 09:11:04] [INFO] No hay datos para Press Banca para el usuario hola@gmail.com.
[2025-06-08 09:11:05] [INFO] Actualizando gráfica para usuario hola@gmail.com.
[2025-06-08 09:11:05] [INFO] No hay datos para Peso Muerto para el usuario hola@gmail.com.
[2025-06-08 09:11:06] [INFO] Actualizando gráfica para usuario hola@gmail.com.
[2025-06-08 09:11:06] [INFO] No hay datos para Press Banca para el usuario hola@gmail.com.
[2025-06-08 09:13:11] [INFO] Aplicación PowerGym iniciada.
[2025-06-08 09:13:11] [INFO] Vista Inicial cargada.
[2025-06-08 09:13:11] [INFO] Visa inicial cargada.
[2025-06-08 09:13:16] [INFO] Navegando de Vista Inicial a VistaLogin (botón 'Ya estoy registrado').
[2025-06-08 09:13:18] [INFO] Vista Login cargada.
[2025-06-08 09:13:25] [INFO] Usuario hola@gmail.com ha iniciado sesión exitosamente.
[2025-06-08 09:13:25] [INFO] Login exitoso para hola@gmail.com (Rol: Atleta). Navegando a VistaMenuAtleta.
[2025-06-08 09:13:25] [INFO] Vista Menu Atleta cargada para usuario: hola@gmail.com.
[2025-06-08 09:13:26] [INFO] Navegando de Vista Menu Atleta a VistaProgreso para usuario: hola@gmail.com.
[2025-06-08 09:13:26] [INFO] Vista Progreso cargada para usuario: hola@gmail.com.
[2025-06-08 09:13:26] [INFO] Actualizando gráfica para usuario hola@gmail.com.
[2025-06-08 09:13:26] [INFO] No hay datos para Sentadilla para el usuario hola@gmail.com.
[2025-06-08 09:15:03] [INFO] Aplicación PowerGym iniciada.
[2025-06-08 09:15:03] [INFO] Vista Inicial cargada.
[2025-06-08 09:15:03] [INFO] Visa inicial cargada.
[2025-06-08 09:15:05] [INFO] Navegando de Vista Inicial a VistaLogin (botón 'Ya estoy registrado').
[2025-06-08 09:15:06] [INFO] Vista Login cargada.
[2025-06-08 09:15:13] [INFO] Usuario hola@gmail.com ha iniciado sesión exitosamente.
[2025-06-08 09:15:13] [INFO] Login exitoso para hola@gmail.com (Rol: Atleta). Navegando a VistaMenuAtleta.
[2025-06-08 09:15:13] [INFO] Vista Menu Atleta cargada para usuario: hola@gmail.com.
[2025-06-08 09:15:14] [INFO] Navegando de Vista Menu Atleta a VistaEntrenamiento para usuario: hola@gmail.com.
[2025-06-08 09:15:14] [INFO] Volviendo a Vista Menu Atleta para usuario: hola@gmail.com.
[2025-06-08 09:15:15] [INFO] Navegando de Vista Menu Atleta a VistaPerfil para usuario: hola@gmail.com.
[2025-06-08 09:15:15] [INFO] vista del perfil cargada
[2025-06-08 09:15:16] [INFO] Volviendo a Vista Menu Atleta para usuario: hola@gmail.com.
[2025-06-08 09:15:17] [INFO] Navegando de Vista Menu Atleta a VistaProgreso para usuario: hola@gmail.com.
[2025-06-08 09:15:17] [INFO] Vista Progreso cargada para usuario: hola@gmail.com.
[2025-06-08 09:15:17] [INFO] Actualizando gráfica para usuario hola@gmail.com.
[2025-06-08 09:15:17] [INFO] No hay datos para Sentadilla para el usuario hola@gmail.com.
[2025-06-08 09:16:20] [INFO] Aplicación PowerGym iniciada.
[2025-06-08 09:16:20] [INFO] Vista Inicial cargada.
[2025-06-08 09:16:20] [INFO] Visa inicial cargada.
[2025-06-08 09:16:22] [INFO] Navegando de Vista Inicial a VistaLogin (botón 'Ya estoy registrado').
[2025-06-08 09:16:23] [INFO] Vista Login cargada.
[2025-06-08 09:16:34] [INFO] Usuario hola@gmail.com ha iniciado sesión exitosamente.
[2025-06-08 09:16:34] [INFO] Login exitoso para hola@gmail.com (Rol: Atleta). Navegando a VistaMenuAtleta.
[2025-06-08 09:16:34] [INFO] Vista Menu Atleta cargada para usuario: hola@gmail.com.
[2025-06-08 09:16:35] [INFO] Navegando de Vista Menu Atleta a VistaProgreso para usuario: hola@gmail.com.
[2025-06-08 09:16:35] [INFO] Vista Progreso cargada para usuario: hola@gmail.com.
[2025-06-08 09:16:35] [INFO] Actualizando gráfica para usuario hola@gmail.com.
[2025-06-08 09:16:35] [INFO] No hay datos para Sentadilla para el usuario hola@gmail.com.
[2025-06-08 09:16:39] [INFO] Actualizando gráfica para usuario hola@gmail.com.
[2025-06-08 09:16:39] [INFO] No hay datos para Peso Muerto para el usuario hola@gmail.com.
[2025-06-08 09:18:22] [INFO] Aplicación PowerGym iniciada.
[2025-06-08 09:18:22] [INFO] Vista Inicial cargada.
[2025-06-08 09:18:22] [INFO] Visa inicial cargada.
[2025-06-08 09:18:23] [INFO] Navegando de Vista Inicial a VistaLogin (botón 'Ya estoy registrado').
[2025-06-08 09:18:25] [INFO] Vista Login cargada.
[2025-06-08 09:18:35] [INFO] Usuario hola@gmail.com ha iniciado sesión exitosamente.
[2025-06-08 09:18:35] [INFO] Login exitoso para hola@gmail.com (Rol: Atleta). Navegando a VistaMenuAtleta.
[2025-06-08 09:18:35] [INFO] Vista Menu Atleta cargada para usuario: hola@gmail.com.
[2025-06-08 09:18:36] [INFO] Navegando de Vista Menu Atleta a VistaProgreso para usuario: hola@gmail.com.
[2025-06-08 09:18:36] [INFO] Vista Progreso cargada para usuario: hola@gmail.com.
[2025-06-08 09:18:36] [INFO] Actualizando gráfica para usuario hola@gmail.com.
[2025-06-08 09:18:36] [INFO] No hay datos para Sentadilla para el usuario hola@gmail.com.
[2025-06-08 09:18:42] [INFO] Actualizando gráfica para usuario hola@gmail.com.
[2025-06-08 09:18:42] [INFO] No hay datos para Peso Muerto para el usuario hola@gmail.com.
[2025-06-08 09:20:51] [INFO] Aplicación PowerGym iniciada.
[2025-06-08 09:20:51] [INFO] Vista Inicial cargada.
[2025-06-08 09:20:51] [INFO] Visa inicial cargada.
[2025-06-08 09:20:51] [INFO] Navegando de Vista Inicial a VistaLogin (botón 'Ya estoy registrado').
[2025-06-08 09:20:53] [INFO] Vista Login cargada.
[2025-06-08 09:21:01] [INFO] Usuario hola@gmail.com ha iniciado sesión exitosamente.
[2025-06-08 09:21:01] [INFO] Login exitoso para hola@gmail.com (Rol: Atleta). Navegando a VistaMenuAtleta.
[2025-06-08 09:21:01] [INFO] Vista Menu Atleta cargada para usuario: hola@gmail.com.
[2025-06-08 09:21:03] [INFO] Navegando de Vista Menu Atleta a VistaProgreso para usuario: hola@gmail.com.
[2025-06-08 09:21:03] [INFO] Vista Progreso cargada para usuario: hola@gmail.com.
[2025-06-08 09:21:03] [INFO] Actualizando gráfica para usuario hola@gmail.com.
[2025-06-08 09:21:03] [INFO] No hay datos para Sentadilla para el usuario hola@gmail.com.
[2025-06-08 09:21:06] [INFO] Actualizando gráfica para usuario hola@gmail.com.
[2025-06-08 09:21:06] [INFO] No hay datos para Peso Muerto para el usuario hola@gmail.com.
[2025-06-08 09:24:41] [INFO] Aplicación PowerGym iniciada.
[2025-06-08 09:24:41] [INFO] Vista Inicial cargada.
[2025-06-08 09:24:41] [INFO] Visa inicial cargada.
[2025-06-08 09:24:42] [INFO] Navegando de Vista Inicial a VistaLogin (botón 'Ya estoy registrado').
[2025-06-08 09:24:43] [INFO] Vista Login cargada.
[2025-06-08 09:24:50] [INFO] Usuario hola@gmail.com ha iniciado sesión exitosamente.
[2025-06-08 09:24:50] [INFO] Login exitoso para hola@gmail.com (Rol: Atleta). Navegando a VistaMenuAtleta.
[2025-06-08 09:24:50] [INFO] Vista Menu Atleta cargada para usuario: hola@gmail.com.
[2025-06-08 09:24:51] [INFO] Navegando de Vista Menu Atleta a VistaProgreso para usuario: hola@gmail.com.
[2025-06-08 09:24:51] [INFO] Vista Progreso cargada para usuario: hola@gmail.com.
[2025-06-08 09:24:51] [INFO] Actualizando gráfica para usuario hola@gmail.com.
[2025-06-08 09:24:51] [INFO] No hay datos para Sentadilla para el usuario hola@gmail.com.
[2025-06-08 09:24:53] [INFO] Volviendo de Vista Progreso a Vista Menu Atleta para usuario: hola@gmail.com.
[2025-06-08 09:24:53] [INFO] Volviendo a Vista Menu Atleta para usuario: hola@gmail.com.
[2025-06-08 09:24:54] [INFO] Navegando de Vista Menu Atleta a VistaProgreso para usuario: hola@gmail.com.
[2025-06-08 09:24:54] [INFO] Vista Progreso cargada para usuario: hola@gmail.com.
[2025-06-08 09:24:54] [INFO] Actualizando gráfica para usuario hola@gmail.com.
[2025-06-08 09:24:54] [INFO] No hay datos para Sentadilla para el usuario hola@gmail.com.
[2025-06-08 09:24:55] [INFO] Volviendo de Vista Progreso a Vista Menu Atleta para usuario: hola@gmail.com.
[2025-06-08 09:24:55] [INFO] Volviendo a Vista Menu Atleta para usuario: hola@gmail.com.
[2025-06-08 09:24:56] [INFO] Navegando de Vista Menu Atleta a VistaProgreso para usuario: hola@gmail.com.
[2025-06-08 09:24:56] [INFO] Vista Progreso cargada para usuario: hola@gmail.com.
[2025-06-08 09:24:56] [INFO] Actualizando gráfica para usuario hola@gmail.com.
[2025-06-08 09:24:56] [INFO] No hay datos para Sentadilla para el usuario hola@gmail.com.
[2025-06-08 09:24:57] [INFO] Volviendo de Vista Progreso a Vista Menu Atleta para usuario: hola@gmail.com.
[2025-06-08 09:24:57] [INFO] Volviendo a Vista Menu Atleta para usuario: hola@gmail.com.
[2025-06-08 09:24:58] [INFO] Navegando de Vista Menu Atleta a VistaPerfil para usuario: hola@gmail.com.
[2025-06-08 09:24:58] [INFO] vista del perfil cargada
[2025-06-08 09:24:59] [INFO] Volviendo a Vista Menu Atleta para usuario: hola@gmail.com.
[2025-06-08 09:25:00] [INFO] Navegando de Vista Menu Atleta a VistaHistorial para usuario: hola@gmail.com.
[2025-06-08 09:26:53] [INFO] Aplicación PowerGym iniciada.
[2025-06-08 09:26:53] [INFO] Vista Inicial cargada.
[2025-06-08 09:26:53] [INFO] Visa inicial cargada.
[2025-06-08 09:26:54] [INFO] Navegando de Vista Inicial a VistaLogin (botón 'Ya estoy registrado').
[2025-06-08 09:26:55] [INFO] Vista Login cargada.
[2025-06-08 09:27:02] [INFO] Usuario hola@gmail.com ha iniciado sesión exitosamente.
[2025-06-08 09:27:02] [INFO] Login exitoso para hola@gmail.com (Rol: Atleta). Navegando a VistaMenuAtleta.
[2025-06-08 09:27:02] [INFO] Vista Menu Atleta cargada para usuario: hola@gmail.com.
[2025-06-08 09:27:03] [INFO] Navegando de Vista Menu Atleta a VistaEntrenamiento para usuario: hola@gmail.com.
[2025-06-08 09:31:08] [INFO] Aplicación PowerGym iniciada.
[2025-06-08 09:31:08] [INFO] Vista Inicial cargada.
[2025-06-08 09:31:08] [INFO] Visa inicial cargada.
[2025-06-08 09:31:09] [INFO] Navegando de Vista Inicial a VistaRegistro (botón 'Registrarme').
[2025-06-08 09:31:09] [INFO] Vista Registro cargada.
[2025-06-08 09:32:30] [INFO] Aplicación PowerGym iniciada.
[2025-06-08 09:32:30] [INFO] Vista Inicial cargada.
[2025-06-08 09:32:30] [INFO] Visa inicial cargada.
[2025-06-08 09:32:31] [INFO] Navegando de Vista Inicial a VistaRegistro (botón 'Registrarme').
[2025-06-08 09:32:31] [INFO] Vista Registro cargada.
[2025-06-08 09:32:33] [INFO] Volviendo de VistaRegistro a VistaLogin (botón 'Volver').
[2025-06-08 09:32:35] [INFO] Vista Login cargada.
[2025-06-08 09:32:41] [INFO] Usuario hola@gmail.com ha iniciado sesión exitosamente.
[2025-06-08 09:32:41] [INFO] Login exitoso para hola@gmail.com (Rol: Atleta). Navegando a VistaMenuAtleta.
[2025-06-08 09:32:41] [INFO] Vista Menu Atleta cargada para usuario: hola@gmail.com.
[2025-06-08 09:32:42] [INFO] Navegando de Vista Menu Atleta a VistaEntrenamiento para usuario: hola@gmail.com.
[2025-06-08 09:32:42] [INFO] Vista Entrenamiento cargada para usuario: hola@gmail.com.
[2025-06-08 09:32:49] [INFO] Intentando guardar entrenamiento para usuario: hola@gmail.com.
[2025-06-08 09:32:49] [INFO] ¡Nuevo récord personal para Sentadilla: 55.0 kg!
[2025-06-08 09:32:49] [INFO] ¡Nuevo récord personal para Banca: 60.0 kg!
[2025-06-08 09:32:49] [INFO] ¡Nuevo récord personal para Peso Muerto: 60.0 kg!
[2025-06-08 09:35:59] [INFO] Aplicación PowerGym iniciada.
[2025-06-08 09:35:59] [INFO] Vista Inicial cargada.
[2025-06-08 09:35:59] [INFO] Visa inicial cargada.
[2025-06-08 09:36:00] [INFO] Navegando de Vista Inicial a VistaLogin (botón 'Ya estoy registrado').
[2025-06-08 09:36:02] [INFO] Vista Login cargada.
[2025-06-08 09:36:07] [INFO] Usuario hola@gmail.com ha iniciado sesión exitosamente.
[2025-06-08 09:36:07] [INFO] Login exitoso para hola@gmail.com (Rol: Atleta). Navegando a VistaMenuAtleta.
[2025-06-08 09:36:07] [INFO] Vista Menu Atleta cargada para usuario: hola@gmail.com.
[2025-06-08 09:36:08] [INFO] Navegando de Vista Menu Atleta a VistaEntrenamiento para usuario: hola@gmail.com.
[2025-06-08 09:36:08] [INFO] Vista Entrenamiento cargada para usuario: hola@gmail.com.
[2025-06-08 09:36:15] [INFO] Intentando guardar entrenamiento para usuario: hola@gmail.com.
[2025-06-08 09:36:15] [INFO] ¡Nuevo récord personal para Sentadilla: 80.0 kg!
[2025-06-08 09:36:15] [INFO] ¡Nuevo récord personal para Peso Muerto: 100.0 kg!
[2025-06-08 09:36:15] [INFO] Entrenamiento guardado con nuevos récords: Sentadilla: 80.0 kg (nuevo récord), Peso Muerto: 100.0 kg (nuevo récord)
[2025-06-08 09:36:16] [INFO] Volviendo de Vista Entrenamiento a Vista Menu Atleta para usuario: hola@gmail.com.
[2025-06-08 09:36:16] [INFO] Volviendo a Vista Menu Atleta para usuario: hola@gmail.com.
[2025-06-08 09:36:23] [INFO] Navegando de Vista Menu Atleta a VistaProgreso para usuario: hola@gmail.com.
[2025-06-08 09:36:23] [INFO] Vista Progreso cargada para usuario: hola@gmail.com.
[2025-06-08 09:36:23] [INFO] Actualizando gráfica para usuario hola@gmail.com.
[2025-06-08 09:36:31] [INFO] Actualizando gráfica para usuario hola@gmail.com.
[2025-06-08 09:36:31] [INFO] No hay datos para Press Banca para el usuario hola@gmail.com.
[2025-06-08 09:36:33] [INFO] Actualizando gráfica para usuario hola@gmail.com.
[2025-06-08 09:36:34] [INFO] Actualizando gráfica para usuario hola@gmail.com.
[2025-06-08 09:36:34] [INFO] No hay datos para Press Banca para el usuario hola@gmail.com.
[2025-06-08 09:36:35] [INFO] Actualizando gráfica para usuario hola@gmail.com.
[2025-06-08 09:36:37] [INFO] Volviendo de Vista Progreso a Vista Menu Atleta para usuario: hola@gmail.com.
[2025-06-08 09:36:37] [INFO] Volviendo a Vista Menu Atleta para usuario: hola@gmail.com.
[2025-06-08 09:36:37] [INFO] Navegando de Vista Menu Atleta a VistaEntrenamiento para usuario: hola@gmail.com.
[2025-06-08 09:36:37] [INFO] Vista Entrenamiento cargada para usuario: hola@gmail.com.
[2025-06-08 09:36:51] [INFO] Intentando guardar entrenamiento para usuario: hola@gmail.com.
[2025-06-08 09:36:51] [INFO] ¡Nuevo récord personal para Sentadilla: 102.0 kg!
[2025-06-08 09:36:51] [INFO] ¡Nuevo récord personal para Banca: 100.0 kg!
[2025-06-08 09:36:51] [INFO] ¡Nuevo récord personal para Peso Muerto: 105.0 kg!
[2025-06-08 09:36:51] [INFO] Entrenamiento guardado con nuevos récords: Sentadilla: 102.0 kg (nuevo récord), Banca: 100.0 kg (nuevo récord), Peso Muerto: 105.0 kg (nuevo récord)
[2025-06-08 09:36:52] [INFO] Volviendo de Vista Entrenamiento a Vista Menu Atleta para usuario: hola@gmail.com.
[2025-06-08 09:36:52] [INFO] Volviendo a Vista Menu Atleta para usuario: hola@gmail.com.
[2025-06-08 09:36:53] [INFO] Navegando de Vista Menu Atleta a VistaProgreso para usuario: hola@gmail.com.
[2025-06-08 09:36:53] [INFO] Vista Progreso cargada para usuario: hola@gmail.com.
[2025-06-08 09:36:53] [INFO] Actualizando gráfica para usuario hola@gmail.com.
[2025-06-08 09:37:01] [INFO] Volviendo de Vista Progreso a Vista Menu Atleta para usuario: hola@gmail.com.
[2025-06-08 09:37:01] [INFO] Volviendo a Vista Menu Atleta para usuario: hola@gmail.com.
[2025-06-08 09:45:45] [INFO] Aplicación PowerGym iniciada.
[2025-06-08 09:45:45] [INFO] Vista Inicial cargada.
[2025-06-08 09:45:45] [INFO] Visa inicial cargada.
[2025-06-08 09:45:47] [INFO] Navegando de Vista Inicial a VistaLogin (botón 'Ya estoy registrado').
[2025-06-08 09:45:48] [INFO] Vista Login cargada.
[2025-06-08 09:46:01] [INFO] Usuario hola@gmail.com ha iniciado sesión exitosamente.
[2025-06-08 09:46:01] [INFO] Login exitoso para hola@gmail.com (Rol: Atleta). Navegando a VistaMenuAtleta.
[2025-06-08 09:46:01] [INFO] Vista Menu Atleta cargada para usuario: hola@gmail.com.
[2025-06-08 09:46:03] [INFO] Navegando de Vista Menu Atleta a VistaEntrenamiento para usuario: hola@gmail.com.
[2025-06-08 09:46:03] [INFO] Vista Entrenamiento cargada para usuario: hola@gmail.com.
[2025-06-08 09:46:28] [INFO] Intentando guardar entrenamiento para usuario: hola@gmail.com.
[2025-06-08 09:46:28] [INFO] ¡Nuevo récord personal para Peso Muerto: 130.0 kg!
[2025-06-08 09:46:28] [INFO] Entrenamiento guardado con nuevos récords: Peso Muerto: 130.0 kg (nuevo récord)
[2025-06-08 09:46:30] [INFO] Volviendo de Vista Entrenamiento a Vista Menu Atleta para usuario: hola@gmail.com.
[2025-06-08 09:46:30] [INFO] Volviendo a Vista Menu Atleta para usuario: hola@gmail.com.
[2025-06-08 09:46:35] [INFO] Navegando de Vista Menu Atleta a VistaPerfil para usuario: hola@gmail.com.
[2025-06-08 09:46:35] [INFO] vista del perfil cargada
[2025-06-08 09:46:44] [INFO] Volviendo a Vista Menu Atleta para usuario: hola@gmail.com.
[2025-06-08 09:46:45] [INFO] Navegando de Vista Menu Atleta a VistaPerfil para usuario: hola@gmail.com.
[2025-06-08 09:46:45] [INFO] vista del perfil cargada
[2025-06-08 09:47:24] [INFO] Aplicación PowerGym iniciada.
[2025-06-08 09:47:24] [INFO] Vista Inicial cargada.
[2025-06-08 09:47:24] [INFO] Visa inicial cargada.
[2025-06-08 09:47:25] [INFO] Navegando de Vista Inicial a VistaLogin (botón 'Ya estoy registrado').
[2025-06-08 09:47:27] [INFO] Vista Login cargada.
[2025-06-08 09:47:32] [INFO] Usuario hola@gmail.com ha iniciado sesión exitosamente.
[2025-06-08 09:47:32] [INFO] Login exitoso para hola@gmail.com (Rol: Atleta). Navegando a VistaMenuAtleta.
[2025-06-08 09:47:32] [INFO] Vista Menu Atleta cargada para usuario: hola@gmail.com.
[2025-06-08 09:47:55] [INFO] Navegando de Vista Menu Atleta a VistaProgreso para usuario: hola@gmail.com.
[2025-06-08 09:47:55] [INFO] Vista Progreso cargada para usuario: hola@gmail.com.
[2025-06-08 09:47:55] [INFO] Actualizando gráfica para usuario hola@gmail.com.
[2025-06-08 09:48:35] [INFO] Actualizando gráfica para usuario hola@gmail.com.
[2025-06-08 09:48:35] [INFO] No hay datos para Press Banca para el usuario hola@gmail.com.
[2025-06-08 09:48:37] [INFO] Actualizando gráfica para usuario hola@gmail.com.
[2025-06-08 09:48:38] [INFO] Actualizando gráfica para usuario hola@gmail.com.
[2025-06-08 09:48:38] [INFO] No hay datos para Press Banca para el usuario hola@gmail.com.
[2025-06-08 09:48:40] [INFO] Actualizando gráfica para usuario hola@gmail.com.
[2025-06-08 09:48:41] [INFO] Actualizando gráfica para usuario hola@gmail.com.
[2025-06-08 09:48:42] [INFO] Actualizando gráfica para usuario hola@gmail.com.
[2025-06-08 09:48:42] [INFO] No hay datos para Press Banca para el usuario hola@gmail.com.
[2025-06-08 09:52:33] [INFO] Aplicación PowerGym iniciada.
[2025-06-08 09:52:33] [INFO] Vista Inicial cargada.
[2025-06-08 09:52:33] [INFO] Visa inicial cargada.
[2025-06-08 09:52:34] [INFO] Navegando de Vista Inicial a VistaLogin (botón 'Ya estoy registrado').
[2025-06-08 09:52:36] [INFO] Vista Login cargada.
[2025-06-08 09:52:43] [INFO] Usuario hola@gmail.com ha iniciado sesión exitosamente.
[2025-06-08 09:52:43] [INFO] Login exitoso para hola@gmail.com (Rol: Atleta). Navegando a VistaMenuAtleta.
[2025-06-08 09:52:43] [INFO] Vista Menu Atleta cargada para usuario: hola@gmail.com.
[2025-06-08 09:52:45] [INFO] Navegando de Vista Menu Atleta a VistaEntrenamiento para usuario: hola@gmail.com.
[2025-06-08 09:52:45] [INFO] Vista Entrenamiento cargada para usuario: hola@gmail.com.
[2025-06-08 09:53:14] [INFO] Volviendo de Vista Entrenamiento a Vista Menu Atleta para usuario: hola@gmail.com.
[2025-06-08 09:53:14] [INFO] Volviendo a Vista Menu Atleta para usuario: hola@gmail.com.
[2025-06-08 09:53:16] [INFO] Navegando de Vista Menu Atleta a VistaEntrenamiento para usuario: hola@gmail.com.
[2025-06-08 09:53:16] [INFO] Vista Entrenamiento cargada para usuario: hola@gmail.com.
[2025-06-08 09:56:56] [INFO] Aplicación PowerGym iniciada.
[2025-06-08 09:56:56] [INFO] Vista Inicial cargada.
[2025-06-08 09:56:56] [INFO] Visa inicial cargada.
[2025-06-08 09:56:57] [INFO] Navegando de Vista Inicial a VistaLogin (botón 'Ya estoy registrado').
[2025-06-08 09:56:59] [INFO] Vista Login cargada.
[2025-06-08 09:57:07] [INFO] Usuario hola@gmail.com ha iniciado sesión exitosamente.
[2025-06-08 09:57:07] [INFO] Login exitoso para hola@gmail.com (Rol: Atleta). Navegando a VistaMenuAtleta.
[2025-06-08 09:57:07] [INFO] Vista Menu Atleta cargada para usuario: hola@gmail.com.
[2025-06-08 09:57:08] [INFO] Navegando de Vista Menu Atleta a VistaEntrenamiento para usuario: hola@gmail.com.
[2025-06-08 09:57:08] [INFO] Vista Entrenamiento cargada para usuario: hola@gmail.com.
[2025-06-08 09:57:25] [INFO] Intentando guardar entrenamiento para usuario: hola@gmail.com.
[2025-06-08 09:57:25] [INFO] ¡Nuevo récord personal para Sentadilla: 105.0 kg!
[2025-06-08 09:57:25] [WARNING] Peso '' para Banca no es un número válido. Se omitirá.
[2025-06-08 09:57:25] [WARNING] Peso '' para Peso Muerto no es un número válido. Se omitirá.
[2025-06-08 09:57:25] [INFO] Entrenamiento guardado con nuevos récords: Sentadilla: 105.0 kg (nuevo récord)
[2025-06-08 09:57:26] [INFO] Volviendo de Vista Entrenamiento a Vista Menu Atleta para usuario: hola@gmail.com.
[2025-06-08 09:57:26] [INFO] Volviendo a Vista Menu Atleta para usuario: hola@gmail.com.
[2025-06-08 09:57:27] [INFO] Navegando de Vista Menu Atleta a VistaEntrenamiento para usuario: hola@gmail.com.
[2025-06-08 09:57:27] [INFO] Vista Entrenamiento cargada para usuario: hola@gmail.com.
[2025-06-08 09:59:04] [INFO] Intentando guardar entrenamiento para usuario: hola@gmail.com.
[2025-06-08 09:59:04] [INFO] Entrenamiento guardado sin nuevos récords.
[2025-06-08 09:59:06] [INFO] Volviendo de Vista Entrenamiento a Vista Menu Atleta para usuario: hola@gmail.com.
[2025-06-08 09:59:06] [INFO] Volviendo a Vista Menu Atleta para usuario: hola@gmail.com.
[2025-06-08 09:59:07] [INFO] Navegando de Vista Menu Atleta a VistaProgreso para usuario: hola@gmail.com.
[2025-06-08 09:59:07] [INFO] Vista Progreso cargada para usuario: hola@gmail.com.
[2025-06-08 09:59:07] [INFO] Actualizando gráfica para usuario hola@gmail.com.
[2025-06-08 09:59:09] [INFO] Actualizando gráfica para usuario hola@gmail.com.
[2025-06-08 09:59:09] [INFO] No hay datos para Press Banca para el usuario hola@gmail.com.
[2025-06-08 09:59:10] [INFO] Actualizando gráfica para usuario hola@gmail.com.
[2025-06-08 09:59:11] [INFO] Actualizando gráfica para usuario hola@gmail.com.
[2025-06-08 09:59:11] [INFO] No hay datos para Press Banca para el usuario hola@gmail.com.
[2025-06-08 09:59:14] [INFO] Volviendo de Vista Progreso a Vista Menu Atleta para usuario: hola@gmail.com.
[2025-06-08 09:59:14] [INFO] Volviendo a Vista Menu Atleta para usuario: hola@gmail.com.
[2025-06-08 10:00:17] [INFO] Navegando de Vista Menu Atleta a VistaProgreso para usuario: hola@gmail.com.
[2025-06-08 10:00:17] [INFO] Vista Progreso cargada para usuario: hola@gmail.com.
[2025-06-08 10:00:17] [INFO] Actualizando gráfica para usuario hola@gmail.com.
[2025-06-08 10:00:18] [INFO] Volviendo de Vista Progreso a Vista Menu Atleta para usuario: hola@gmail.com.
[2025-06-08 10:00:18] [INFO] Volviendo a Vista Menu Atleta para usuario: hola@gmail.com.
[2025-06-08 10:00:19] [INFO] Navegando de Vista Menu Atleta a VistaPerfil para usuario: hola@gmail.com.
[2025-06-08 10:00:19] [INFO] vista del perfil cargada
[2025-06-08 10:00:20] [INFO] Volviendo a Vista Menu Atleta para usuario: hola@gmail.com.
[2025-06-08 10:00:20] [INFO] Navegando de Vista Menu Atleta a VistaHistorial para usuario: hola@gmail.com.
